>>> print(sys.version)
3.7.3 (default, Sep 30 2024, 08:47:59) 
[Clang 12.0.0 (https://github.com/llvm/llvm-project fa0971b87fb2c9d14d1bba2551e
>>> import os
>>> help('modules')      # not not-present/not-compiled/... libraries ;-)

_asyncio            	TRUE
_bisect             	TRUE
_bz2                	TRUE
_codecs_cn          	TRUE
_codecs_hk          	TRUE
_codecs_iso2022     	TRUE
_codecs_jp          	TRUE
_codecs_kr          	TRUE
_codecs_tw          	TRUE
_crypt              	TRUE
_csv                	TRUE
_ctypes             	TRUE
_ctypes_test        	TRUE
_curses             	TRUE
_curses_panel       	TRUE
_datetime           	TRUE
_dbm                	TRUE
_decimal            	TRUE
_elementtree        	TRUE
_hashlib            	TRUE
_heapq              	TRUE
_lzma               	TRUE
_multibytecodec     	TRUE
_multiprocessing    	TRUE
_opcode             	TRUE
_scproxy            	TRUE
_sqlite3            	TRUE
_sysconfigdata_m_darwin_darwin	TRUE
_testbuffer         	TRUE
_testcapi           	TRUE
_testimportmultiple 	TRUE
_testmultiphase     	TRUE
_tkinter            	TRUE
_uuid               	TRUE
_xxtestfuzz         	TRUE


array               	TRUE
audioop             	TRUE
cmath               	TRUE
ctypes              	TRUE
distutils           	TRUE
easy_install        	TRUE
fcntl               	TRUE
fractions	            TRUE
grp                 	TRUE
idlelib             	TRUE
mmap                	TRUE
nis                 	TRUE
parser              	TRUE
pip                 	TRUE
pkg_resources       	TRUE
pyexpat             	TRUE
quopri	              TRUE
readline            	TRUE
resource            	TRUE
rlcompleter	          TRUE
runpy	                TRUE
sched	                TRUE
secrets	              TRUE
select               	TRUE
selectors	            TRUE
setuptools	          TRUE
shelve	              TRUE
shlex	                TRUE
syslog	              TRUE
termios	              TRUE
test	                TRUE
venv	                TRUE
xxlimited	            TRUE
